<?xml version="1.0" encoding="UTF-8"?>
<testsuite name="gam.jangseop.dbadmin.service.ItemServiceTest" tests="1" skipped="0" failures="0" errors="0" timestamp="2024-03-31T06:11:26" hostname="jangseopui-MacBookPro.local" time="0.006">
  <properties/>
  <testcase name="아이템_생성()" classname="gam.jangseop.dbadmin.service.ItemServiceTest" time="0.006"/>
  <system-out><![CDATA[2024-03-31T15:11:26.858+09:00  INFO 33992 --- [    Test worker] t.c.s.AnnotationConfigContextLoaderUtils : Could not detect default configuration classes for test class [gam.jangseop.dbadmin.service.ItemServiceTest]: ItemServiceTest does not declare any static, non-private, non-final, nested classes annotated with @Configuration.
2024-03-31T15:11:26.859+09:00  INFO 33992 --- [    Test worker] .b.t.c.SpringBootTestContextBootstrapper : Found @SpringBootConfiguration gam.jangseop.dbadmin.DbAdminApplication for test class gam.jangseop.dbadmin.service.ItemServiceTest
2024-03-31T15:11:26.862+09:00 DEBUG 33992 --- [    Test worker] org.hibernate.SQL                        : 
    insert 
    into
        tblavataritemdesc
        (fditemnum, fditemname) 
    values
        (default, ?)
2024-03-31T15:11:26.865+09:00 DEBUG 33992 --- [    Test worker] org.hibernate.SQL                        : 
    select
        i1_0.fditemnum,
        i1_0.fditemname 
    from
        tblavataritemdesc i1_0 
    where
        i1_0.fditemname=?
]]></system-out>
  <system-err><![CDATA[]]></system-err>
</testsuite>
